2025-03-25 15:56:40,760 - INFO - file_cache is only supported with oauth2client<4.0.0
2025-03-25 15:57:33,199 - INFO - URL provided: https://drive.google.com/drive/u/0/folders/0AFGv_UrBkssJUk9PVA
2025-03-25 15:57:33,199 - INFO - Parsing URL: https://drive.google.com/drive/u/0/folders/0AFGv_UrBkssJUk9PVA
2025-03-25 15:57:33,200 - INFO - Matched short folder ID: 0AFGv_UrBkssJUk9PVA
2025-03-25 15:57:33,206 - INFO - file_cache is only supported with oauth2client<4.0.0
2025-03-25 15:57:33,234 - INFO - Starting sync from 2025-03-25T19:56:40.764784Z
2025-03-25 15:57:33,234 - INFO - Target folder ID: 0AFGv_UrBkssJUk9PVA
2025-03-25 15:57:34,161 - INFO - Found 3 files in this batch
2025-03-25 15:57:34,161 - INFO - Processing file: [modèle] 0/1 - Document officiel (1BFQnaXWJKEF5PygS5J-5hTWkJbiB3eazCQGOQ6cIA8A) - application/vnd.google-apps.document
2025-03-25 15:57:35,589 - INFO - Processing file: 0/1 - Rapport de rencontre #17 CAE Balados 2021-10-05 (1gRbuBx1l41JQ7suPYQP2AsFLfBbujJGXOXWHYK8Ovkw) - application/vnd.google-apps.document
2025-03-25 15:57:37,742 - INFO - Processing file: [modèle] 0/1 - MAJR - Phase 2 - Pistes et recommandations (1ZRPTEdyJGx09gQiCjakPdBD1Yqc8oR_Qy__W9mXdd3Q) - application/vnd.google-apps.document
2025-03-25 15:57:39,103 - ERROR - Sync failed: name 'generate_merged_file' is not defined
2025-03-25 15:57:39,109 - ERROR - Traceback (most recent call last):
  File "D:\Git\drive-text-merger\complete-drive-sync.py", line 351, in main
    doc_db = process_documents(service, last_sync_time, doc_db, target_id, target_type)
             ^^^^^^^^^^^^^^^^^^^^^^^^^^^^^^^^^^^^^^^^^^^^^^^^^^^^^^^^^^^^^^^^^^^^^^^^^^
  File "D:\Git\drive-text-merger\complete-drive-sync.py", line 304, in process_documents
    generate_merged_file(doc_db, current_time, files_updated, files_deleted)
    ^^^^^^^^^^^^^^^^^^^^
NameError: name 'generate_merged_file' is not defined

2025-03-25 15:57:39,109 - INFO - URL provided: https://drive.google.com/drive/u/0/folders/0AFGv_UrBkssJUk9PVA
2025-03-25 15:57:39,109 - INFO - Parsing URL: https://drive.google.com/drive/u/0/folders/0AFGv_UrBkssJUk9PVA
2025-03-25 15:57:39,110 - INFO - Matched short folder ID: 0AFGv_UrBkssJUk9PVA
2025-03-25 15:57:39,112 - INFO - file_cache is only supported with oauth2client<4.0.0
2025-03-25 15:57:39,126 - INFO - Starting sync from 2025-03-25T19:56:40.764784Z
2025-03-25 15:57:39,126 - INFO - Target folder ID: 0AFGv_UrBkssJUk9PVA
2025-03-25 15:57:39,885 - INFO - Found 3 files in this batch
2025-03-25 15:57:39,887 - INFO - Current file: merged_content_20250325_155739_part1.txt, Size: 0.00MB, Words: 41
2025-03-25 15:57:39,888 - INFO - Current file: merged_content_20250325_155739_part1.txt, Size: 0.00MB, Words: 739
2025-03-25 15:57:39,888 - INFO - Generated 1 merged files: merged_content_20250325_155739_part1.txt
2025-03-25 15:57:39,889 - INFO - Sync completed. Processed 0 changes, updated 0 files, deleted 0 files.
